<?xml version="1.0" encoding="UTF-8"?>
<!-- Generated by org.testng.reporters.JUnitReportReporter -->
<testsuite hostname="HCHPH0119LP5894" name="com.start.testcases.StartLoginPageTest" tests="3" failures="0" timestamp="15 May 2020 09:50:08 GMT" time="32.201" errors="0">
  <testcase name="startDashboard" time="10.128" classname="com.start.testcases.StartLoginPageTest"/>
  <testcase name="authentication" time="11.603" classname="com.start.testcases.StartLoginPageTest"/>
  <testcase name="loginPageTest" time="10.470" classname="com.start.testcases.StartLoginPageTest"/>
</testsuite> <!-- com.start.testcases.StartLoginPageTest -->
