<?xml version="1.0" encoding="UTF-8"?>
<!-- Generated by org.testng.reporters.JUnitReportReporter -->
<testsuite hostname="HCHLH0718LP4590" name="com.impl.testcases.ProfessionalLearningOnlineAdministratorPageTest" tests="5" failures="0" timestamp="24 Sep 2019 16:08:57 GMT" time="277.176" errors="0">
  <testcase name="saveAddAnotherBtnTest" time="54.778" classname="com.impl.testcases.ProfessionalLearningOnlineAdministratorPageTest"/>
  <testcase name="lastNameTest" time="55.447" classname="com.impl.testcases.ProfessionalLearningOnlineAdministratorPageTest"/>
  <testcase name="currentlyDesignatedUserTest" time="57.075" classname="com.impl.testcases.ProfessionalLearningOnlineAdministratorPageTest"/>
  <testcase name="firstNameTest" time="54.430" classname="com.impl.testcases.ProfessionalLearningOnlineAdministratorPageTest"/>
  <testcase name="emailTest" time="55.446" classname="com.impl.testcases.ProfessionalLearningOnlineAdministratorPageTest"/>
</testsuite> <!-- com.impl.testcases.ProfessionalLearningOnlineAdministratorPageTest -->
