<?xml version="1.0" encoding="UTF-8"?>
<!-- Generated by org.testng.reporters.JUnitReportReporter -->
<testsuite hostname="HCHPH0119LP5894" name="com.start.testcases.StartLoginPageTestVerify" tests="1" failures="0" timestamp="15 May 2020 09:25:26 GMT" time="37.195" errors="0">
  <testcase name="authenticationTest" time="37.195" classname="com.start.testcases.StartLoginPageTestVerify"/>
</testsuite> <!-- com.start.testcases.StartLoginPageTestVerify -->
