<?xml version="1.0" encoding="UTF-8"?>
<!-- Generated by org.testng.reporters.JUnitReportReporter -->
<testsuite name="com.impl.testcases.StartLoginPageTest" tests="3" time="32.326" ignored="0" failures="0" timestamp="14 May 2020 13:09:01 GMT" skipped="0" hostname="HCHPH0119LP5894" errors="0">
  <testcase name="startDashboard" time="10.135" classname="com.impl.testcases.StartLoginPageTest"/>
  <testcase name="loginPageTest" time="10.467" classname="com.impl.testcases.StartLoginPageTest"/>
  <testcase name="authentication" time="11.724" classname="com.impl.testcases.StartLoginPageTest"/>
</testsuite> <!-- com.impl.testcases.StartLoginPageTest -->
