<?xml version="1.0" encoding="UTF-8"?>
<!-- Generated by org.testng.reporters.JUnitReportReporter -->
<testsuite hostname="HCHLH0718LP4590" name="com.impl.testcases.AuthorizedRepresentativePageTest" tests="3" failures="0" timestamp="24 Sep 2019 16:08:57 GMT" time="182.490" errors="0">
  <testcase name="systemAndTechnologyGuideLinkTest" time="61.543" classname="com.impl.testcases.AuthorizedRepresentativePageTest"/>
  <testcase name="mapSystemAndBandwidthRequirementsLinkTest" time="65.102" classname="com.impl.testcases.AuthorizedRepresentativePageTest"/>
  <testcase name="mapRolesAndResponsibilitiesLinkTest" time="55.845" classname="com.impl.testcases.AuthorizedRepresentativePageTest"/>
</testsuite> <!-- com.impl.testcases.AuthorizedRepresentativePageTest -->
